2024-04-07T14:07:14.630+05:30  INFO 688 --- [springRestApi] [main] c.s.s.SpringRestApiApplication           : Starting SpringRestApiApplication using Java 17.0.10 with PID 688 (C:\Users\Dell\Downloads\springRestApi\springRestApi\target\classes started by Dell in C:\Users\Dell\Downloads\springRestApi\springRestApi)
2024-04-07T14:07:14.638+05:30  INFO 688 --- [springRestApi] [main] c.s.s.SpringRestApiApplication           : No active profile set, falling back to 1 default profile: "default"
2024-04-07T14:07:16.710+05:30  INFO 688 --- [springRestApi] [main] .s.d.r.c.RepositoryConfigurationDelegate : Bootstrapping Spring Data JPA repositories in DEFAULT mode.
2024-04-07T14:07:16.878+05:30  INFO 688 --- [springRestApi] [main] .s.d.r.c.RepositoryConfigurationDelegate : Finished Spring Data repository scanning in 147 ms. Found 4 JPA repository interfaces.
2024-04-07T14:07:18.288+05:30  INFO 688 --- [springRestApi] [main] o.s.b.w.embedded.tomcat.TomcatWebServer  : Tomcat initialized with port 8080 (http)
2024-04-07T14:07:18.320+05:30  INFO 688 --- [springRestApi] [main] o.apache.catalina.core.StandardService   : Starting service [Tomcat]
2024-04-07T14:07:18.321+05:30  INFO 688 --- [springRestApi] [main] o.apache.catalina.core.StandardEngine    : Starting Servlet engine: [Apache Tomcat/10.1.19]
2024-04-07T14:07:18.510+05:30  INFO 688 --- [springRestApi] [main] o.a.c.c.C.[Tomcat].[localhost].[/myapp]  : Initializing Spring embedded WebApplicationContext
2024-04-07T14:07:18.512+05:30  INFO 688 --- [springRestApi] [main] w.s.c.ServletWebServerApplicationContext : Root WebApplicationContext: initialization completed in 3733 ms
2024-04-07T14:07:18.963+05:30  INFO 688 --- [springRestApi] [main] o.hibernate.jpa.internal.util.LogHelper  : HHH000204: Processing PersistenceUnitInfo [name: default]
2024-04-07T14:07:19.154+05:30  INFO 688 --- [springRestApi] [main] org.hibernate.Version                    : HHH000412: Hibernate ORM core version 6.4.4.Final
2024-04-07T14:07:19.261+05:30  INFO 688 --- [springRestApi] [main] o.h.c.internal.RegionFactoryInitiator    : HHH000026: Second-level cache disabled
2024-04-07T14:07:19.822+05:30  INFO 688 --- [springRestApi] [main] o.s.o.j.p.SpringPersistenceUnitInfo      : No LoadTimeWeaver setup: ignoring JPA class transformer
2024-04-07T14:07:19.929+05:30  INFO 688 --- [springRestApi] [main] com.zaxxer.hikari.HikariDataSource       : HikariPool-1 - Starting...
2024-04-07T14:07:20.685+05:30  INFO 688 --- [springRestApi] [main] com.zaxxer.hikari.pool.HikariPool        : HikariPool-1 - Added connection com.mysql.cj.jdbc.ConnectionImpl@7d8f2eec
2024-04-07T14:07:20.690+05:30  INFO 688 --- [springRestApi] [main] com.zaxxer.hikari.HikariDataSource       : HikariPool-1 - Start completed.
2024-04-07T14:07:23.213+05:30  INFO 688 --- [springRestApi] [main] o.h.e.t.j.p.i.JtaPlatformInitiator       : HHH000489: No JTA platform available (set 'hibernate.transaction.jta.platform' to enable JTA platform integration)
2024-04-07T14:07:23.423+05:30  INFO 688 --- [springRestApi] [main] j.LocalContainerEntityManagerFactoryBean : Initialized JPA EntityManagerFactory for persistence unit 'default'
2024-04-07T14:07:24.397+05:30  WARN 688 --- [springRestApi] [main] JpaBaseConfiguration$JpaWebConfiguration : spring.jpa.open-in-view is enabled by default. Therefore, database queries may be performed during view rendering. Explicitly configure spring.jpa.open-in-view to disable this warning
2024-04-07T14:07:25.439+05:30  INFO 688 --- [springRestApi] [main] o.s.b.w.embedded.tomcat.TomcatWebServer  : Tomcat started on port 8080 (http) with context path '/myapp'
2024-04-07T14:07:25.474+05:30  INFO 688 --- [springRestApi] [main] c.s.s.SpringRestApiApplication           : Started SpringRestApiApplication in 12.674 seconds (process running for 14.581)
2024-04-07T14:11:18.266+05:30  INFO 20980 --- [springRestApi] [main] c.s.s.SpringRestApiApplication           : Starting SpringRestApiApplication using Java 17.0.10 with PID 20980 (C:\Users\Dell\Downloads\springRestApi\springRestApi\target\classes started by Dell in C:\Users\Dell\Downloads\springRestApi\springRestApi)
2024-04-07T14:11:18.275+05:30  INFO 20980 --- [springRestApi] [main] c.s.s.SpringRestApiApplication           : No active profile set, falling back to 1 default profile: "default"
2024-04-07T14:11:20.055+05:30  INFO 20980 --- [springRestApi] [main] .s.d.r.c.RepositoryConfigurationDelegate : Bootstrapping Spring Data JPA repositories in DEFAULT mode.
2024-04-07T14:11:20.217+05:30  INFO 20980 --- [springRestApi] [main] .s.d.r.c.RepositoryConfigurationDelegate : Finished Spring Data repository scanning in 136 ms. Found 4 JPA repository interfaces.
2024-04-07T14:11:21.383+05:30  INFO 20980 --- [springRestApi] [main] o.s.b.w.embedded.tomcat.TomcatWebServer  : Tomcat initialized with port 8080 (http)
2024-04-07T14:11:21.414+05:30  INFO 20980 --- [springRestApi] [main] o.apache.catalina.core.StandardService   : Starting service [Tomcat]
2024-04-07T14:11:21.416+05:30  INFO 20980 --- [springRestApi] [main] o.apache.catalina.core.StandardEngine    : Starting Servlet engine: [Apache Tomcat/10.1.19]
2024-04-07T14:11:21.603+05:30  INFO 20980 --- [springRestApi] [main] o.a.c.c.C.[Tomcat].[localhost].[/myapp]  : Initializing Spring embedded WebApplicationContext
2024-04-07T14:11:21.606+05:30  INFO 20980 --- [springRestApi] [main] w.s.c.ServletWebServerApplicationContext : Root WebApplicationContext: initialization completed in 3198 ms
2024-04-07T14:11:21.972+05:30  INFO 20980 --- [springRestApi] [main] o.hibernate.jpa.internal.util.LogHelper  : HHH000204: Processing PersistenceUnitInfo [name: default]
2024-04-07T14:11:22.117+05:30  INFO 20980 --- [springRestApi] [main] org.hibernate.Version                    : HHH000412: Hibernate ORM core version 6.4.4.Final
2024-04-07T14:11:22.213+05:30  INFO 20980 --- [springRestApi] [main] o.h.c.internal.RegionFactoryInitiator    : HHH000026: Second-level cache disabled
2024-04-07T14:11:22.959+05:30  INFO 20980 --- [springRestApi] [main] o.s.o.j.p.SpringPersistenceUnitInfo      : No LoadTimeWeaver setup: ignoring JPA class transformer
2024-04-07T14:11:23.036+05:30  INFO 20980 --- [springRestApi] [main] com.zaxxer.hikari.HikariDataSource       : HikariPool-1 - Starting...
2024-04-07T14:11:23.697+05:30  INFO 20980 --- [springRestApi] [main] com.zaxxer.hikari.pool.HikariPool        : HikariPool-1 - Added connection com.mysql.cj.jdbc.ConnectionImpl@1029cf9
2024-04-07T14:11:23.702+05:30  INFO 20980 --- [springRestApi] [main] com.zaxxer.hikari.HikariDataSource       : HikariPool-1 - Start completed.
2024-04-07T14:11:25.973+05:30  INFO 20980 --- [springRestApi] [main] o.h.e.t.j.p.i.JtaPlatformInitiator       : HHH000489: No JTA platform available (set 'hibernate.transaction.jta.platform' to enable JTA platform integration)
2024-04-07T14:11:26.156+05:30  INFO 20980 --- [springRestApi] [main] j.LocalContainerEntityManagerFactoryBean : Initialized JPA EntityManagerFactory for persistence unit 'default'
2024-04-07T14:11:27.245+05:30  WARN 20980 --- [springRestApi] [main] JpaBaseConfiguration$JpaWebConfiguration : spring.jpa.open-in-view is enabled by default. Therefore, database queries may be performed during view rendering. Explicitly configure spring.jpa.open-in-view to disable this warning
2024-04-07T14:11:28.220+05:30  WARN 20980 --- [springRestApi] [main] ConfigServletWebServerApplicationContext : Exception encountered during context initialization - cancelling refresh attempt: org.springframework.context.ApplicationContextException: Failed to start bean 'webServerStartStop'
2024-04-07T14:11:28.226+05:30  INFO 20980 --- [springRestApi] [main] j.LocalContainerEntityManagerFactoryBean : Closing JPA EntityManagerFactory for persistence unit 'default'
2024-04-07T14:11:28.231+05:30  INFO 20980 --- [springRestApi] [main] com.zaxxer.hikari.HikariDataSource       : HikariPool-1 - Shutdown initiated...
2024-04-07T14:11:28.258+05:30  INFO 20980 --- [springRestApi] [main] com.zaxxer.hikari.HikariDataSource       : HikariPool-1 - Shutdown completed.
2024-04-07T14:11:28.299+05:30  INFO 20980 --- [springRestApi] [main] .s.b.a.l.ConditionEvaluationReportLogger : 

Error starting ApplicationContext. To display the condition evaluation report re-run your application with 'debug' enabled.
2024-04-07T14:11:28.361+05:30 ERROR 20980 --- [springRestApi] [main] o.s.b.d.LoggingFailureAnalysisReporter   : 

***************************
APPLICATION FAILED TO START
***************************

Description:

Web server failed to start. Port 8080 was already in use.

Action:

Identify and stop the process that's listening on port 8080 or configure this application to listen on another port.

2024-04-07T14:11:37.902+05:30  INFO 688 --- [springRestApi] [RMI TCP Connection(13)-127.0.0.1] inMXBeanRegistrar$SpringApplicationAdmin : Application shutdown requested.
2024-04-07T14:11:37.956+05:30  INFO 688 --- [springRestApi] [RMI TCP Connection(13)-127.0.0.1] j.LocalContainerEntityManagerFactoryBean : Closing JPA EntityManagerFactory for persistence unit 'default'
2024-04-07T14:11:37.963+05:30  INFO 688 --- [springRestApi] [RMI TCP Connection(13)-127.0.0.1] com.zaxxer.hikari.HikariDataSource       : HikariPool-1 - Shutdown initiated...
2024-04-07T14:11:37.995+05:30  INFO 688 --- [springRestApi] [RMI TCP Connection(13)-127.0.0.1] com.zaxxer.hikari.HikariDataSource       : HikariPool-1 - Shutdown completed.
2024-04-07T14:11:44.646+05:30  INFO 5032 --- [springRestApi] [main] c.s.s.SpringRestApiApplication           : Starting SpringRestApiApplication using Java 17.0.10 with PID 5032 (C:\Users\Dell\Downloads\springRestApi\springRestApi\target\classes started by Dell in C:\Users\Dell\Downloads\springRestApi\springRestApi)
2024-04-07T14:11:44.653+05:30  INFO 5032 --- [springRestApi] [main] c.s.s.SpringRestApiApplication           : No active profile set, falling back to 1 default profile: "default"
2024-04-07T14:11:46.376+05:30  INFO 5032 --- [springRestApi] [main] .s.d.r.c.RepositoryConfigurationDelegate : Bootstrapping Spring Data JPA repositories in DEFAULT mode.
2024-04-07T14:11:46.535+05:30  INFO 5032 --- [springRestApi] [main] .s.d.r.c.RepositoryConfigurationDelegate : Finished Spring Data repository scanning in 134 ms. Found 4 JPA repository interfaces.
2024-04-07T14:11:47.716+05:30  INFO 5032 --- [springRestApi] [main] o.s.b.w.embedded.tomcat.TomcatWebServer  : Tomcat initialized with port 8080 (http)
2024-04-07T14:11:47.752+05:30  INFO 5032 --- [springRestApi] [main] o.apache.catalina.core.StandardService   : Starting service [Tomcat]
2024-04-07T14:11:47.754+05:30  INFO 5032 --- [springRestApi] [main] o.apache.catalina.core.StandardEngine    : Starting Servlet engine: [Apache Tomcat/10.1.19]
2024-04-07T14:11:47.943+05:30  INFO 5032 --- [springRestApi] [main] o.a.c.c.C.[Tomcat].[localhost].[/myapp]  : Initializing Spring embedded WebApplicationContext
2024-04-07T14:11:47.945+05:30  INFO 5032 --- [springRestApi] [main] w.s.c.ServletWebServerApplicationContext : Root WebApplicationContext: initialization completed in 3164 ms
2024-04-07T14:11:48.304+05:30  INFO 5032 --- [springRestApi] [main] o.hibernate.jpa.internal.util.LogHelper  : HHH000204: Processing PersistenceUnitInfo [name: default]
2024-04-07T14:11:48.452+05:30  INFO 5032 --- [springRestApi] [main] org.hibernate.Version                    : HHH000412: Hibernate ORM core version 6.4.4.Final
2024-04-07T14:11:48.556+05:30  INFO 5032 --- [springRestApi] [main] o.h.c.internal.RegionFactoryInitiator    : HHH000026: Second-level cache disabled
2024-04-07T14:11:49.149+05:30  INFO 5032 --- [springRestApi] [main] o.s.o.j.p.SpringPersistenceUnitInfo      : No LoadTimeWeaver setup: ignoring JPA class transformer
2024-04-07T14:11:49.224+05:30  INFO 5032 --- [springRestApi] [main] com.zaxxer.hikari.HikariDataSource       : HikariPool-1 - Starting...
2024-04-07T14:11:49.909+05:30  INFO 5032 --- [springRestApi] [main] com.zaxxer.hikari.pool.HikariPool        : HikariPool-1 - Added connection com.mysql.cj.jdbc.ConnectionImpl@7c8f047a
2024-04-07T14:11:49.915+05:30  INFO 5032 --- [springRestApi] [main] com.zaxxer.hikari.HikariDataSource       : HikariPool-1 - Start completed.
2024-04-07T14:11:52.309+05:30  INFO 5032 --- [springRestApi] [main] o.h.e.t.j.p.i.JtaPlatformInitiator       : HHH000489: No JTA platform available (set 'hibernate.transaction.jta.platform' to enable JTA platform integration)
2024-04-07T14:11:52.486+05:30  INFO 5032 --- [springRestApi] [main] j.LocalContainerEntityManagerFactoryBean : Initialized JPA EntityManagerFactory for persistence unit 'default'
2024-04-07T14:11:53.512+05:30  WARN 5032 --- [springRestApi] [main] JpaBaseConfiguration$JpaWebConfiguration : spring.jpa.open-in-view is enabled by default. Therefore, database queries may be performed during view rendering. Explicitly configure spring.jpa.open-in-view to disable this warning
2024-04-07T14:11:54.544+05:30  INFO 5032 --- [springRestApi] [main] o.s.b.w.embedded.tomcat.TomcatWebServer  : Tomcat started on port 8080 (http) with context path '/myapp'
2024-04-07T14:11:54.576+05:30  INFO 5032 --- [springRestApi] [main] c.s.s.SpringRestApiApplication           : Started SpringRestApiApplication in 10.925 seconds (process running for 12.657)
2024-04-07T14:19:02.642+05:30  INFO 5032 --- [springRestApi] [RMI TCP Connection(16)-127.0.0.1] inMXBeanRegistrar$SpringApplicationAdmin : Application shutdown requested.
2024-04-07T14:19:02.756+05:30  INFO 5032 --- [springRestApi] [RMI TCP Connection(16)-127.0.0.1] j.LocalContainerEntityManagerFactoryBean : Closing JPA EntityManagerFactory for persistence unit 'default'
2024-04-07T14:19:02.771+05:30  INFO 5032 --- [springRestApi] [RMI TCP Connection(16)-127.0.0.1] com.zaxxer.hikari.HikariDataSource       : HikariPool-1 - Shutdown initiated...
2024-04-07T14:19:02.844+05:30  INFO 5032 --- [springRestApi] [RMI TCP Connection(16)-127.0.0.1] com.zaxxer.hikari.HikariDataSource       : HikariPool-1 - Shutdown completed.
2024-04-07T14:19:11.127+05:30  INFO 17624 --- [springRestApi] [main] c.s.s.SpringRestApiApplication           : Starting SpringRestApiApplication using Java 17.0.10 with PID 17624 (C:\Users\Dell\Downloads\springRestApi\springRestApi\target\classes started by Dell in C:\Users\Dell\Downloads\springRestApi\springRestApi)
2024-04-07T14:19:11.139+05:30  INFO 17624 --- [springRestApi] [main] c.s.s.SpringRestApiApplication           : No active profile set, falling back to 1 default profile: "default"
2024-04-07T14:19:12.766+05:30  INFO 17624 --- [springRestApi] [main] .s.d.r.c.RepositoryConfigurationDelegate : Bootstrapping Spring Data JPA repositories in DEFAULT mode.
2024-04-07T14:19:12.918+05:30  INFO 17624 --- [springRestApi] [main] .s.d.r.c.RepositoryConfigurationDelegate : Finished Spring Data repository scanning in 129 ms. Found 4 JPA repository interfaces.
2024-04-07T14:19:14.010+05:30  INFO 17624 --- [springRestApi] [main] o.s.b.w.embedded.tomcat.TomcatWebServer  : Tomcat initialized with port 8080 (http)
2024-04-07T14:19:14.043+05:30  INFO 17624 --- [springRestApi] [main] o.apache.catalina.core.StandardService   : Starting service [Tomcat]
2024-04-07T14:19:14.043+05:30  INFO 17624 --- [springRestApi] [main] o.apache.catalina.core.StandardEngine    : Starting Servlet engine: [Apache Tomcat/10.1.19]
2024-04-07T14:19:14.314+05:30  INFO 17624 --- [springRestApi] [main] o.a.c.c.C.[Tomcat].[localhost].[/myapp]  : Initializing Spring embedded WebApplicationContext
2024-04-07T14:19:14.316+05:30  INFO 17624 --- [springRestApi] [main] w.s.c.ServletWebServerApplicationContext : Root WebApplicationContext: initialization completed in 3044 ms
2024-04-07T14:19:14.807+05:30  INFO 17624 --- [springRestApi] [main] o.hibernate.jpa.internal.util.LogHelper  : HHH000204: Processing PersistenceUnitInfo [name: default]
2024-04-07T14:19:15.014+05:30  INFO 17624 --- [springRestApi] [main] org.hibernate.Version                    : HHH000412: Hibernate ORM core version 6.4.4.Final
2024-04-07T14:19:15.125+05:30  INFO 17624 --- [springRestApi] [main] o.h.c.internal.RegionFactoryInitiator    : HHH000026: Second-level cache disabled
2024-04-07T14:19:15.656+05:30  INFO 17624 --- [springRestApi] [main] o.s.o.j.p.SpringPersistenceUnitInfo      : No LoadTimeWeaver setup: ignoring JPA class transformer
2024-04-07T14:19:15.731+05:30  INFO 17624 --- [springRestApi] [main] com.zaxxer.hikari.HikariDataSource       : HikariPool-1 - Starting...
2024-04-07T14:19:16.385+05:30  INFO 17624 --- [springRestApi] [main] com.zaxxer.hikari.pool.HikariPool        : HikariPool-1 - Added connection com.mysql.cj.jdbc.ConnectionImpl@6cee903a
2024-04-07T14:19:16.390+05:30  INFO 17624 --- [springRestApi] [main] com.zaxxer.hikari.HikariDataSource       : HikariPool-1 - Start completed.
2024-04-07T14:19:18.694+05:30  INFO 17624 --- [springRestApi] [main] o.h.e.t.j.p.i.JtaPlatformInitiator       : HHH000489: No JTA platform available (set 'hibernate.transaction.jta.platform' to enable JTA platform integration)
2024-04-07T14:19:18.913+05:30  INFO 17624 --- [springRestApi] [main] j.LocalContainerEntityManagerFactoryBean : Initialized JPA EntityManagerFactory for persistence unit 'default'
2024-04-07T14:19:21.052+05:30  INFO 17624 --- [springRestApi] [main] o.s.b.w.embedded.tomcat.TomcatWebServer  : Tomcat started on port 8080 (http) with context path '/myapp'
2024-04-07T14:19:21.081+05:30  INFO 17624 --- [springRestApi] [main] c.s.s.SpringRestApiApplication           : Started SpringRestApiApplication in 10.914 seconds (process running for 12.581)
2024-04-07T14:19:42.943+05:30  INFO 17624 --- [springRestApi] [http-nio-8080-exec-3] o.a.c.c.C.[Tomcat].[localhost].[/myapp]  : Initializing Spring DispatcherServlet 'dispatcherServlet'
2024-04-07T14:19:42.943+05:30  INFO 17624 --- [springRestApi] [http-nio-8080-exec-3] o.s.web.servlet.DispatcherServlet        : Initializing Servlet 'dispatcherServlet'
2024-04-07T14:19:42.951+05:30  INFO 17624 --- [springRestApi] [http-nio-8080-exec-3] o.s.web.servlet.DispatcherServlet        : Completed initialization in 8 ms
2024-04-07T14:23:11.059+05:30  INFO 10636 --- [springRestApi] [main] c.s.s.SpringRestApiApplication           : Starting SpringRestApiApplication using Java 17.0.10 with PID 10636 (C:\Users\Dell\Downloads\springRestApi\springRestApi\target\classes started by Dell in C:\Users\Dell\Downloads\springRestApi\springRestApi)
2024-04-07T14:23:11.066+05:30  INFO 10636 --- [springRestApi] [main] c.s.s.SpringRestApiApplication           : No active profile set, falling back to 1 default profile: "default"
2024-04-07T14:23:12.798+05:30  INFO 10636 --- [springRestApi] [main] .s.d.r.c.RepositoryConfigurationDelegate : Bootstrapping Spring Data JPA repositories in DEFAULT mode.
2024-04-07T14:23:12.952+05:30  INFO 10636 --- [springRestApi] [main] .s.d.r.c.RepositoryConfigurationDelegate : Finished Spring Data repository scanning in 131 ms. Found 4 JPA repository interfaces.
2024-04-07T14:23:14.079+05:30  INFO 10636 --- [springRestApi] [main] o.s.b.w.embedded.tomcat.TomcatWebServer  : Tomcat initialized with port 8080 (http)
2024-04-07T14:23:14.116+05:30  INFO 10636 --- [springRestApi] [main] o.apache.catalina.core.StandardService   : Starting service [Tomcat]
2024-04-07T14:23:14.117+05:30  INFO 10636 --- [springRestApi] [main] o.apache.catalina.core.StandardEngine    : Starting Servlet engine: [Apache Tomcat/10.1.19]
2024-04-07T14:23:14.343+05:30  INFO 10636 --- [springRestApi] [main] o.a.c.c.C.[Tomcat].[localhost].[/]       : Initializing Spring embedded WebApplicationContext
2024-04-07T14:23:14.347+05:30  INFO 10636 --- [springRestApi] [main] w.s.c.ServletWebServerApplicationContext : Root WebApplicationContext: initialization completed in 3159 ms
2024-04-07T14:23:14.827+05:30  INFO 10636 --- [springRestApi] [main] o.hibernate.jpa.internal.util.LogHelper  : HHH000204: Processing PersistenceUnitInfo [name: default]
2024-04-07T14:23:14.966+05:30  INFO 10636 --- [springRestApi] [main] org.hibernate.Version                    : HHH000412: Hibernate ORM core version 6.4.4.Final
2024-04-07T14:23:15.059+05:30  INFO 10636 --- [springRestApi] [main] o.h.c.internal.RegionFactoryInitiator    : HHH000026: Second-level cache disabled
2024-04-07T14:23:15.601+05:30  INFO 10636 --- [springRestApi] [main] o.s.o.j.p.SpringPersistenceUnitInfo      : No LoadTimeWeaver setup: ignoring JPA class transformer
2024-04-07T14:23:15.673+05:30  INFO 10636 --- [springRestApi] [main] com.zaxxer.hikari.HikariDataSource       : HikariPool-1 - Starting...
2024-04-07T14:23:16.712+05:30  INFO 10636 --- [springRestApi] [main] com.zaxxer.hikari.pool.HikariPool        : HikariPool-1 - Added connection com.mysql.cj.jdbc.ConnectionImpl@1f3c5308
2024-04-07T14:23:16.736+05:30  INFO 10636 --- [springRestApi] [main] com.zaxxer.hikari.HikariDataSource       : HikariPool-1 - Start completed.
2024-04-07T14:23:17.585+05:30  INFO 17624 --- [springRestApi] [RMI TCP Connection(11)-127.0.0.1] inMXBeanRegistrar$SpringApplicationAdmin : Application shutdown requested.
2024-04-07T14:23:17.624+05:30  INFO 17624 --- [springRestApi] [RMI TCP Connection(11)-127.0.0.1] j.LocalContainerEntityManagerFactoryBean : Closing JPA EntityManagerFactory for persistence unit 'default'
2024-04-07T14:23:17.634+05:30  INFO 17624 --- [springRestApi] [RMI TCP Connection(11)-127.0.0.1] com.zaxxer.hikari.HikariDataSource       : HikariPool-1 - Shutdown initiated...
2024-04-07T14:23:17.664+05:30  INFO 17624 --- [springRestApi] [RMI TCP Connection(11)-127.0.0.1] com.zaxxer.hikari.HikariDataSource       : HikariPool-1 - Shutdown completed.
2024-04-07T14:23:24.443+05:30  INFO 11128 --- [springRestApi] [main] c.s.s.SpringRestApiApplication           : Starting SpringRestApiApplication using Java 17.0.10 with PID 11128 (C:\Users\Dell\Downloads\springRestApi\springRestApi\target\classes started by Dell in C:\Users\Dell\Downloads\springRestApi\springRestApi)
2024-04-07T14:23:24.452+05:30  INFO 11128 --- [springRestApi] [main] c.s.s.SpringRestApiApplication           : No active profile set, falling back to 1 default profile: "default"
2024-04-07T14:23:26.094+05:30  INFO 11128 --- [springRestApi] [main] .s.d.r.c.RepositoryConfigurationDelegate : Bootstrapping Spring Data JPA repositories in DEFAULT mode.
2024-04-07T14:23:26.245+05:30  INFO 11128 --- [springRestApi] [main] .s.d.r.c.RepositoryConfigurationDelegate : Finished Spring Data repository scanning in 127 ms. Found 4 JPA repository interfaces.
2024-04-07T14:23:27.348+05:30  INFO 11128 --- [springRestApi] [main] o.s.b.w.embedded.tomcat.TomcatWebServer  : Tomcat initialized with port 8080 (http)
2024-04-07T14:23:27.377+05:30  INFO 11128 --- [springRestApi] [main] o.apache.catalina.core.StandardService   : Starting service [Tomcat]
2024-04-07T14:23:27.378+05:30  INFO 11128 --- [springRestApi] [main] o.apache.catalina.core.StandardEngine    : Starting Servlet engine: [Apache Tomcat/10.1.19]
2024-04-07T14:23:27.563+05:30  INFO 11128 --- [springRestApi] [main] o.a.c.c.C.[Tomcat].[localhost].[/]       : Initializing Spring embedded WebApplicationContext
2024-04-07T14:23:27.565+05:30  INFO 11128 --- [springRestApi] [main] w.s.c.ServletWebServerApplicationContext : Root WebApplicationContext: initialization completed in 2990 ms
2024-04-07T14:23:27.929+05:30  INFO 11128 --- [springRestApi] [main] o.hibernate.jpa.internal.util.LogHelper  : HHH000204: Processing PersistenceUnitInfo [name: default]
2024-04-07T14:23:28.080+05:30  INFO 11128 --- [springRestApi] [main] org.hibernate.Version                    : HHH000412: Hibernate ORM core version 6.4.4.Final
2024-04-07T14:23:28.180+05:30  INFO 11128 --- [springRestApi] [main] o.h.c.internal.RegionFactoryInitiator    : HHH000026: Second-level cache disabled
2024-04-07T14:23:28.726+05:30  INFO 11128 --- [springRestApi] [main] o.s.o.j.p.SpringPersistenceUnitInfo      : No LoadTimeWeaver setup: ignoring JPA class transformer
2024-04-07T14:23:28.801+05:30  INFO 11128 --- [springRestApi] [main] com.zaxxer.hikari.HikariDataSource       : HikariPool-1 - Starting...
2024-04-07T14:23:29.439+05:30  INFO 11128 --- [springRestApi] [main] com.zaxxer.hikari.pool.HikariPool        : HikariPool-1 - Added connection com.mysql.cj.jdbc.ConnectionImpl@62de73eb
2024-04-07T14:23:29.445+05:30  INFO 11128 --- [springRestApi] [main] com.zaxxer.hikari.HikariDataSource       : HikariPool-1 - Start completed.
2024-04-07T14:23:31.657+05:30  INFO 11128 --- [springRestApi] [main] o.h.e.t.j.p.i.JtaPlatformInitiator       : HHH000489: No JTA platform available (set 'hibernate.transaction.jta.platform' to enable JTA platform integration)
2024-04-07T14:23:31.831+05:30  INFO 11128 --- [springRestApi] [main] j.LocalContainerEntityManagerFactoryBean : Initialized JPA EntityManagerFactory for persistence unit 'default'
2024-04-07T14:23:33.682+05:30  INFO 11128 --- [springRestApi] [main] o.s.b.w.embedded.tomcat.TomcatWebServer  : Tomcat started on port 8080 (http) with context path ''
2024-04-07T14:23:33.711+05:30  INFO 11128 --- [springRestApi] [main] c.s.s.SpringRestApiApplication           : Started SpringRestApiApplication in 10.244 seconds (process running for 11.869)
2024-04-07T14:23:50.514+05:30  INFO 11128 --- [springRestApi] [http-nio-8080-exec-2] o.a.c.c.C.[Tomcat].[localhost].[/]       : Initializing Spring DispatcherServlet 'dispatcherServlet'
2024-04-07T14:23:50.515+05:30  INFO 11128 --- [springRestApi] [http-nio-8080-exec-2] o.s.web.servlet.DispatcherServlet        : Initializing Servlet 'dispatcherServlet'
2024-04-07T14:23:50.525+05:30  INFO 11128 --- [springRestApi] [http-nio-8080-exec-2] o.s.web.servlet.DispatcherServlet        : Completed initialization in 6 ms
2024-04-07T14:25:27.905+05:30  INFO 11128 --- [springRestApi] [RMI TCP Connection(9)-127.0.0.1] inMXBeanRegistrar$SpringApplicationAdmin : Application shutdown requested.
2024-04-07T14:25:27.960+05:30  INFO 11128 --- [springRestApi] [RMI TCP Connection(9)-127.0.0.1] j.LocalContainerEntityManagerFactoryBean : Closing JPA EntityManagerFactory for persistence unit 'default'
2024-04-07T14:25:27.965+05:30  INFO 11128 --- [springRestApi] [RMI TCP Connection(9)-127.0.0.1] com.zaxxer.hikari.HikariDataSource       : HikariPool-1 - Shutdown initiated...
2024-04-07T14:25:27.990+05:30  INFO 11128 --- [springRestApi] [RMI TCP Connection(9)-127.0.0.1] com.zaxxer.hikari.HikariDataSource       : HikariPool-1 - Shutdown completed.
